# JRE version: OpenJDK Runtime Environment Temurin-21.0.10+7 (21.0.10+7) (build 21.0.10+7-LTS)
# Java VM: OpenJDK 64-Bit Server VM Temurin-21.0.10+7 (21.0.10+7-LTS, mixed mode, sharing, tiered, compressed oops, compressed class ptrs, parallel gc, windows-amd64)
GC Precious Log:
 CardTable entry size: 512
 CPUs: 8 total, 8 available
 Memory: 12071M
 Large Page Support: Disabled
 NUMA Support: Disabled
 Compressed Oops: Enabled (Zero based)
 Alignments: Space 512K, Generation 512K, Heap 2M
 Heap Min Capacity: 100M
 Heap Initial Capacity: 100M
 Heap Max Capacity: 4G
 Pre-touch: Disabled
 Parallel Workers: 8
Heap:
 PSYoungGen      total 20992K, used 17437K [0x00000007aab00000, 0x00000007ac100000, 0x0000000800000000)
  eden space 20480K, 85% used [0x00000007aab00000,0x00000007abc077c0,0x00000007abf00000)
  from space 512K, 0% used [0x00000007ac080000,0x00000007ac080000,0x00000007ac100000)
  to   space 1024K, 0% used [0x00000007abf00000,0x00000007abf00000,0x00000007ac000000)
 ParOldGen       total 68608K, used 40680K [0x0000000700000000, 0x0000000704300000, 0x00000007aab00000)
  object space 68608K, 59% used [0x0000000700000000,0x00000007027ba040,0x0000000704300000)
 Metaspace       used 59137K, committed 60608K, reserved 1114112K
  class space    used 6389K, committed 7040K, reserved 1048576K
GC Heap History (20 events):
Event: 11.585 GC heap before
{Heap before GC invocations=30 (full 2):
 PSYoungGen      total 23552K, used 23200K [0x00000007aab00000, 0x00000007ac400000, 0x0000000800000000)
  eden space 21504K, 100% used [0x00000007aab00000,0x00000007ac000000,0x00000007ac000000)
  from space 2048K, 82% used [0x00000007ac080000,0x00000007ac228000,0x00000007ac280000)
  to   space 1536K, 0% used [0x00000007ac280000,0x00000007ac280000,0x00000007ac400000)
 ParOldGen       total 68608K, used 38522K [0x0000000700000000, 0x0000000704300000, 0x00000007aab00000)
  object space 68608K, 56% used [0x0000000700000000,0x000000070259eb28,0x0000000704300000)
 Metaspace       used 51459K, committed 52736K, reserved 1114112K
  class space    used 5620K, committed 6208K, reserved 1048576K
}
Event: 11.589 GC heap after
{Heap after GC invocations=30 (full 2):
 PSYoungGen      total 22528K, used 584K [0x00000007aab00000, 0x00000007ac380000, 0x0000000800000000)
  eden space 21504K, 0% used [0x00000007aab00000,0x00000007aab00000,0x00000007ac000000)
  from space 1024K, 57% used [0x00000007ac280000,0x00000007ac3121c0,0x00000007ac380000)
  to   space 1024K, 0% used [0x00000007ac180000,0x00000007ac180000,0x00000007ac280000)
 ParOldGen       total 68608K, used 40027K [0x0000000700000000, 0x0000000704300000, 0x00000007aab00000)
  object space 68608K, 58% used [0x0000000700000000,0x0000000702716ec0,0x0000000704300000)
 Metaspace       used 51459K, committed 52736K, reserved 1114112K
  class space    used 5620K, committed 6208K, reserved 1048576K
}
Event: 11.681 GC heap before
{Heap before GC invocations=31 (full 2):
 PSYoungGen      total 22528K, used 21934K [0x00000007aab00000, 0x00000007ac380000, 0x0000000800000000)
  eden space 21504K, 99% used [0x00000007aab00000,0x00000007abfd97c0,0x00000007ac000000)
  from space 1024K, 57% used [0x00000007ac280000,0x00000007ac3121c0,0x00000007ac380000)
  to   space 1024K, 0% used [0x00000007ac180000,0x00000007ac180000,0x00000007ac280000)
 ParOldGen       total 68608K, used 40027K [0x0000000700000000, 0x0000000704300000, 0x00000007aab00000)
  object space 68608K, 58% used [0x0000000700000000,0x0000000702716ec0,0x0000000704300000)
 Metaspace       used 51522K, committed 52928K, reserved 1114112K
  class space    used 5621K, committed 6208K, reserved 1048576K
}
Event: 11.683 GC heap after
{Heap after GC invocations=31 (full 2):
 PSYoungGen      total 22528K, used 776K [0x00000007aab00000, 0x00000007ac300000, 0x0000000800000000)
  eden space 21504K, 0% used [0x00000007aab00000,0x00000007aab00000,0x00000007ac000000)
  from space 1024K, 75% used [0x00000007ac180000,0x00000007ac242020,0x00000007ac280000)
  to   space 512K, 0% used [0x00000007ac280000,0x00000007ac280000,0x00000007ac300000)
 ParOldGen       total 68608K, used 40351K [0x0000000700000000, 0x0000000704300000, 0x00000007aab00000)
  object space 68608K, 58% used [0x0000000700000000,0x0000000702767ed0,0x0000000704300000)
 Metaspace       used 51522K, committed 52928K, reserved 1114112K
  class space    used 5621K, committed 6208K, reserved 1048576K
}
Event: 11.851 GC heap before
{Heap before GC invocations=32 (full 2):
 PSYoungGen      total 22528K, used 22280K [0x00000007aab00000, 0x00000007ac300000, 0x0000000800000000)
  eden space 21504K, 100% used [0x00000007aab00000,0x00000007ac000000,0x00000007ac000000)
  from space 1024K, 75% used [0x00000007ac180000,0x00000007ac242020,0x00000007ac280000)
  to   space 512K, 0% used [0x00000007ac280000,0x00000007ac280000,0x00000007ac300000)
 ParOldGen       total 68608K, used 40351K [0x0000000700000000, 0x0000000704300000, 0x00000007aab00000)
  object space 68608K, 58% used [0x0000000700000000,0x0000000702767ed0,0x0000000704300000)
 Metaspace       used 51627K, committed 53056K, reserved 1114112K
  class space    used 5640K, committed 6272K, reserved 1048576K
}
Event: 11.853 GC heap after
{Heap after GC invocations=32 (full 2):
 PSYoungGen      total 22016K, used 384K [0x00000007aab00000, 0x00000007ac300000, 0x0000000800000000)
  eden space 21504K, 0% used [0x00000007aab00000,0x00000007aab00000,0x00000007ac000000)
  from space 512K, 75% used [0x00000007ac280000,0x00000007ac2e0020,0x00000007ac300000)
  to   space 1024K, 0% used [0x00000007ac100000,0x00000007ac100000,0x00000007ac200000)
 ParOldGen       total 68608K, used 40919K [0x0000000700000000, 0x0000000704300000, 0x00000007aab00000)
  object space 68608K, 59% used [0x0000000700000000,0x00000007027f5ef0,0x0000000704300000)
 Metaspace       used 51627K, committed 53056K, reserved 1114112K
  class space    used 5640K, committed 6272K, reserved 1048576K
}
Event: 12.302 GC heap before
{Heap before GC invocations=33 (full 2):
 PSYoungGen      total 22016K, used 21888K [0x00000007aab00000, 0x00000007ac300000, 0x0000000800000000)
  eden space 21504K, 100% used [0x00000007aab00000,0x00000007ac000000,0x00000007ac000000)
  from space 512K, 75% used [0x00000007ac280000,0x00000007ac2e0020,0x00000007ac300000)
  to   space 1024K, 0% used [0x00000007ac100000,0x00000007ac100000,0x00000007ac200000)
 ParOldGen       total 68608K, used 40919K [0x0000000700000000, 0x0000000704300000, 0x00000007aab00000)
  object space 68608K, 59% used [0x0000000700000000,0x00000007027f5ef0,0x0000000704300000)
 Metaspace       used 53105K, committed 54464K, reserved 1114112K
  class space    used 5837K, committed 6464K, reserved 1048576K
}
Event: 12.303 GC heap after
{Heap after GC invocations=33 (full 2):
 PSYoungGen      total 22528K, used 1011K [0x00000007aab00000, 0x00000007ac300000, 0x0000000800000000)
  eden space 21504K, 0% used [0x00000007aab00000,0x00000007aab00000,0x00000007ac000000)
  from space 1024K, 98% used [0x00000007ac100000,0x00000007ac1fcd70,0x00000007ac200000)
  to   space 1024K, 0% used [0x00000007ac200000,0x00000007ac200000,0x00000007ac300000)
 ParOldGen       total 68608K, used 41052K [0x0000000700000000, 0x0000000704300000, 0x00000007aab00000)
  object space 68608K, 59% used [0x0000000700000000,0x0000000702817180,0x0000000704300000)
 Metaspace       used 53105K, committed 54464K, reserved 1114112K
  class space    used 5837K, committed 6464K, reserved 1048576K
}
Event: 12.471 GC heap before
{Heap before GC invocations=34 (full 2):
 PSYoungGen      total 22528K, used 22515K [0x00000007aab00000, 0x00000007ac300000, 0x0000000800000000)
  eden space 21504K, 100% used [0x00000007aab00000,0x00000007ac000000,0x00000007ac000000)
  from space 1024K, 98% used [0x00000007ac100000,0x00000007ac1fcd70,0x00000007ac200000)
  to   space 1024K, 0% used [0x00000007ac200000,0x00000007ac200000,0x00000007ac300000)
 ParOldGen       total 68608K, used 41052K [0x0000000700000000, 0x0000000704300000, 0x00000007aab00000)
  object space 68608K, 59% used [0x0000000700000000,0x0000000702817180,0x0000000704300000)
 Metaspace       used 53807K, committed 55232K, reserved 1114112K
  class space    used 5900K, committed 6528K, reserved 1048576K
}
Event: 12.474 GC heap after
{Heap after GC invocations=34 (full 2):
 PSYoungGen      total 21504K, used 1003K [0x00000007aab00000, 0x00000007ac600000, 0x0000000800000000)
  eden space 20480K, 0% used [0x00000007aab00000,0x00000007aab00000,0x00000007abf00000)
  from space 1024K, 97% used [0x00000007ac200000,0x00000007ac2fac70,0x00000007ac300000)
  to   space 3072K, 0% used [0x00000007abf00000,0x00000007abf00000,0x00000007ac200000)
 ParOldGen       total 68608K, used 42397K [0x0000000700000000, 0x0000000704300000, 0x00000007aab00000)
  object space 68608K, 61% used [0x0000000700000000,0x00000007029676c0,0x0000000704300000)
 Metaspace       used 53807K, committed 55232K, reserved 1114112K
  class space    used 5900K, committed 6528K, reserved 1048576K
}
Event: 12.594 GC heap before
{Heap before GC invocations=35 (full 2):
 PSYoungGen      total 21504K, used 21483K [0x00000007aab00000, 0x00000007ac600000, 0x0000000800000000)
  eden space 20480K, 100% used [0x00000007aab00000,0x00000007abf00000,0x00000007abf00000)
  from space 1024K, 97% used [0x00000007ac200000,0x00000007ac2fac70,0x00000007ac300000)
  to   space 3072K, 0% used [0x00000007abf00000,0x00000007abf00000,0x00000007ac200000)
 ParOldGen       total 68608K, used 42397K [0x0000000700000000, 0x0000000704300000, 0x00000007aab00000)
  object space 68608K, 61% used [0x0000000700000000,0x00000007029676c0,0x0000000704300000)
 Metaspace       used 54364K, committed 55808K, reserved 1114112K
  class space    used 5947K, committed 6592K, reserved 1048576K
}
Event: 12.595 GC heap after
{Heap after GC invocations=35 (full 2):
 PSYoungGen      total 20992K, used 224K [0x00000007aab00000, 0x00000007ac280000, 0x0000000800000000)
  eden space 20480K, 0% used [0x00000007aab00000,0x00000007aab00000,0x00000007abf00000)
  from space 512K, 43% used [0x00000007abf00000,0x00000007abf38000,0x00000007abf80000)
  to   space 1024K, 0% used [0x00000007ac180000,0x00000007ac180000,0x00000007ac280000)
 ParOldGen       total 68608K, used 42844K [0x0000000700000000, 0x0000000704300000, 0x00000007aab00000)
  object space 68608K, 62% used [0x0000000700000000,0x00000007029d71b8,0x0000000704300000)
 Metaspace       used 54364K, committed 55808K, reserved 1114112K
  class space    used 5947K, committed 6592K, reserved 1048576K
}
Event: 13.055 GC heap before
{Heap before GC invocations=36 (full 2):
 PSYoungGen      total 20992K, used 20704K [0x00000007aab00000, 0x00000007ac280000, 0x0000000800000000)
  eden space 20480K, 100% used [0x00000007aab00000,0x00000007abf00000,0x00000007abf00000)
  from space 512K, 43% used [0x00000007abf00000,0x00000007abf38000,0x00000007abf80000)
  to   space 1024K, 0% used [0x00000007ac180000,0x00000007ac180000,0x00000007ac280000)
 ParOldGen       total 68608K, used 42844K [0x0000000700000000, 0x0000000704300000, 0x00000007aab00000)
  object space 68608K, 62% used [0x0000000700000000,0x00000007029d71b8,0x0000000704300000)
 Metaspace       used 55959K, committed 57344K, reserved 1114112K
  class space    used 6098K, committed 6720K, reserved 1048576K
}
Event: 13.056 GC heap after
{Heap after GC invocations=36 (full 2):
 PSYoungGen      total 20992K, used 416K [0x00000007aab00000, 0x00000007ac200000, 0x0000000800000000)
  eden space 20480K, 0% used [0x00000007aab00000,0x00000007aab00000,0x00000007abf00000)
  from space 512K, 81% used [0x00000007ac180000,0x00000007ac1e8000,0x00000007ac200000)
  to   space 512K, 0% used [0x00000007abf00000,0x00000007abf00000,0x00000007abf80000)
 ParOldGen       total 68608K, used 42992K [0x0000000700000000, 0x0000000704300000, 0x00000007aab00000)
  object space 68608K, 62% used [0x0000000700000000,0x00000007029fc1c8,0x0000000704300000)
 Metaspace       used 55959K, committed 57344K, reserved 1114112K
  class space    used 6098K, committed 6720K, reserved 1048576K
}
Event: 13.560 GC heap before
{Heap before GC invocations=37 (full 2):
 PSYoungGen      total 20992K, used 20896K [0x00000007aab00000, 0x00000007ac200000, 0x0000000800000000)
  eden space 20480K, 100% used [0x00000007aab00000,0x00000007abf00000,0x00000007abf00000)
  from space 512K, 81% used [0x00000007ac180000,0x00000007ac1e8000,0x00000007ac200000)
  to   space 512K, 0% used [0x00000007abf00000,0x00000007abf00000,0x00000007abf80000)
 ParOldGen       total 68608K, used 42992K [0x0000000700000000, 0x0000000704300000, 0x00000007aab00000)
  object space 68608K, 62% used [0x0000000700000000,0x00000007029fc1c8,0x0000000704300000)
 Metaspace       used 57849K, committed 59264K, reserved 1114112K
  class space    used 6290K, committed 6912K, reserved 1048576K
}
Event: 13.563 GC heap after
{Heap after GC invocations=37 (full 2):
 PSYoungGen      total 20992K, used 512K [0x00000007aab00000, 0x00000007ac200000, 0x0000000800000000)
  eden space 20480K, 0% used [0x00000007aab00000,0x00000007aab00000,0x00000007abf00000)
  from space 512K, 100% used [0x00000007abf00000,0x00000007abf80000,0x00000007abf80000)
  to   space 1536K, 0% used [0x00000007ac080000,0x00000007ac080000,0x00000007ac200000)
 ParOldGen       total 68608K, used 43434K [0x0000000700000000, 0x0000000704300000, 0x00000007aab00000)
  object space 68608K, 63% used [0x0000000700000000,0x0000000702a6a998,0x0000000704300000)
 Metaspace       used 57849K, committed 59264K, reserved 1114112K
  class space    used 6290K, committed 6912K, reserved 1048576K
}
Event: 31.935 GC heap before
{Heap before GC invocations=38 (full 2):
 PSYoungGen      total 20992K, used 7772K [0x00000007aab00000, 0x00000007ac200000, 0x0000000800000000)
  eden space 20480K, 35% used [0x00000007aab00000,0x00000007ab217360,0x00000007abf00000)
  from space 512K, 100% used [0x00000007abf00000,0x00000007abf80000,0x00000007abf80000)
  to   space 1536K, 0% used [0x00000007ac080000,0x00000007ac080000,0x00000007ac200000)
 ParOldGen       total 68608K, used 43434K [0x0000000700000000, 0x0000000704300000, 0x00000007aab00000)
  object space 68608K, 63% used [0x0000000700000000,0x0000000702a6a998,0x0000000704300000)
 Metaspace       used 58409K, committed 59776K, reserved 1114112K
  class space    used 6345K, committed 6976K, reserved 1048576K
}
Event: 31.936 GC heap after
{Heap after GC invocations=38 (full 2):
 PSYoungGen      total 20992K, used 403K [0x00000007aab00000, 0x00000007ac100000, 0x0000000800000000)
  eden space 20480K, 0% used [0x00000007aab00000,0x00000007aab00000,0x00000007abf00000)
  from space 512K, 78% used [0x00000007ac080000,0x00000007ac0e4d30,0x00000007ac100000)
  to   space 1024K, 0% used [0x00000007abf00000,0x00000007abf00000,0x00000007ac000000)
 ParOldGen       total 68608K, used 43946K [0x0000000700000000, 0x0000000704300000, 0x00000007aab00000)
  object space 68608K, 64% used [0x0000000700000000,0x0000000702aeab68,0x0000000704300000)
 Metaspace       used 58409K, committed 59776K, reserved 1114112K
  class space    used 6345K, committed 6976K, reserved 1048576K
}
Event: 31.936 GC heap before
{Heap before GC invocations=39 (full 3):
 PSYoungGen      total 20992K, used 403K [0x00000007aab00000, 0x00000007ac100000, 0x0000000800000000)
  eden space 20480K, 0% used [0x00000007aab00000,0x00000007aab00000,0x00000007abf00000)
  from space 512K, 78% used [0x00000007ac080000,0x00000007ac0e4d30,0x00000007ac100000)
  to   space 1024K, 0% used [0x00000007abf00000,0x00000007abf00000,0x00000007ac000000)
 ParOldGen       total 68608K, used 43946K [0x0000000700000000, 0x0000000704300000, 0x00000007aab00000)
  object space 68608K, 64% used [0x0000000700000000,0x0000000702aeab68,0x0000000704300000)
 Metaspace       used 58409K, committed 59776K, reserved 1114112K
  class space    used 6345K, committed 6976K, reserved 1048576K
}
Event: 32.041 GC heap after
{Heap after GC invocations=39 (full 3):
 PSYoungGen      total 20992K, used 0K [0x00000007aab00000, 0x00000007ac100000, 0x0000000800000000)
  eden space 20480K, 0% used [0x00000007aab00000,0x00000007aab00000,0x00000007abf00000)
  from space 512K, 0% used [0x00000007ac080000,0x00000007ac080000,0x00000007ac100000)
  to   space 1024K, 0% used [0x00000007abf00000,0x00000007abf00000,0x00000007ac000000)
 ParOldGen       total 68608K, used 40680K [0x0000000700000000, 0x0000000704300000, 0x00000007aab00000)
  object space 68608K, 59% used [0x0000000700000000,0x00000007027ba040,0x0000000704300000)
 Metaspace       used 58402K, committed 59776K, reserved 1114112K
  class space    used 6343K, committed 6976K, reserved 1048576K
}

