# JRE version: OpenJDK Runtime Environment JBR-17.0.12+1-1207.37-nomod (17.0.12+1) (build 17.0.12+1-b1207.37)
# Java VM: OpenJDK 64-Bit Server VM JBR-17.0.12+1-1207.37-nomod (17.0.12+1-b1207.37, mixed mode, sharing, tiered, compressed oops, compressed class ptrs, g1 gc, windows-amd64)
GC Precious Log:
 CPUs: 8 total, 8 available
 Memory: 12071M
 Large Page Support: Disabled
 NUMA Support: Disabled
 Compressed Oops: Enabled (Zero based)
 Heap Region Size: 2M
 Heap Min Capacity: 8M
 Heap Initial Capacity: 190M
 Heap Max Capacity: 3018M
 Pre-touch: Disabled
 Parallel Workers: 8
 Concurrent Workers: 2
 Concurrent Refinement Workers: 8
 Periodic GC: Disabled
Heap:
 garbage-first heap   total 59392K, used 20792K [0x0000000743600000, 0x0000000800000000)
  region size 2048K, 9 young (18432K), 7 survivors (14336K)
 Metaspace       used 23718K, committed 24000K, reserved 1114112K
  class space    used 3413K, committed 3520K, reserved 1048576K
GC Heap History (8 events):
Event: 1.210 GC heap before
{Heap before GC invocations=0 (full 0):
 garbage-first heap   total 194560K, used 20480K [0x0000000743600000, 0x0000000800000000)
  region size 2048K, 11 young (22528K), 0 survivors (0K)
 Metaspace       used 5797K, committed 6016K, reserved 1114112K
  class space    used 679K, committed 768K, reserved 1048576K
}
Event: 1.233 GC heap after
{Heap after GC invocations=1 (full 0):
 garbage-first heap   total 194560K, used 3040K [0x0000000743600000, 0x0000000800000000)
  region size 2048K, 2 young (4096K), 2 survivors (4096K)
 Metaspace       used 5797K, committed 6016K, reserved 1114112K
  class space    used 679K, committed 768K, reserved 1048576K
}
Event: 3.323 GC heap before
{Heap before GC invocations=1 (full 0):
 garbage-first heap   total 194560K, used 39904K [0x0000000743600000, 0x0000000800000000)
  region size 2048K, 20 young (40960K), 2 survivors (4096K)
 Metaspace       used 16082K, committed 16320K, reserved 1114112K
  class space    used 2218K, committed 2304K, reserved 1048576K
}
Event: 3.329 GC heap after
{Heap after GC invocations=2 (full 0):
 garbage-first heap   total 194560K, used 8124K [0x0000000743600000, 0x0000000800000000)
  region size 2048K, 3 young (6144K), 3 survivors (6144K)
 Metaspace       used 16082K, committed 16320K, reserved 1114112K
  class space    used 2218K, committed 2304K, reserved 1048576K
}
Event: 25.908 GC heap before
{Heap before GC invocations=2 (full 0):
 garbage-first heap   total 194560K, used 36796K [0x0000000743600000, 0x0000000800000000)
  region size 2048K, 17 young (34816K), 3 survivors (6144K)
 Metaspace       used 21323K, committed 21504K, reserved 1114112K
  class space    used 3032K, committed 3136K, reserved 1048576K
}
Event: 25.913 GC heap after
{Heap after GC invocations=3 (full 0):
 garbage-first heap   total 194560K, used 13564K [0x0000000743600000, 0x0000000800000000)
  region size 2048K, 5 young (10240K), 5 survivors (10240K)
 Metaspace       used 21323K, committed 21504K, reserved 1114112K
  class space    used 3032K, committed 3136K, reserved 1048576K
}
Event: 29.332 GC heap before
{Heap before GC invocations=4 (full 0):
 garbage-first heap   total 55296K, used 38140K [0x0000000743600000, 0x0000000800000000)
  region size 2048K, 18 young (36864K), 5 survivors (10240K)
 Metaspace       used 23375K, committed 23680K, reserved 1114112K
  class space    used 3378K, committed 3520K, reserved 1048576K
}
Event: 29.377 GC heap after
{Heap after GC invocations=5 (full 0):
 garbage-first heap   total 59392K, used 18744K [0x0000000743600000, 0x0000000800000000)
  region size 2048K, 7 young (14336K), 7 survivors (14336K)
 Metaspace       used 23375K, committed 23680K, reserved 1114112K
  class space    used 3378K, committed 3520K, reserved 1048576K
}

