# JRE version: OpenJDK Runtime Environment Temurin-21.0.10+7 (21.0.10+7) (build 21.0.10+7-LTS)
# Java VM: OpenJDK 64-Bit Server VM Temurin-21.0.10+7 (21.0.10+7-LTS, mixed mode, sharing, tiered, compressed oops, compressed class ptrs, parallel gc, windows-amd64)
GC Precious Log:
 CardTable entry size: 512
 CPUs: 8 total, 8 available
 Memory: 12071M
 Large Page Support: Disabled
 NUMA Support: Disabled
 Compressed Oops: Enabled (Zero based)
 Alignments: Space 512K, Generation 512K, Heap 2M
 Heap Min Capacity: 100M
 Heap Initial Capacity: 100M
 Heap Max Capacity: 4G
 Pre-touch: Disabled
 Parallel Workers: 8
Heap:
 PSYoungGen      total 13824K, used 9301K [0x00000007aab00000, 0x00000007aba00000, 0x0000000800000000)
  eden space 13312K, 67% used [0x00000007aab00000,0x00000007ab3c8868,0x00000007ab800000)
  from space 512K, 60% used [0x00000007ab980000,0x00000007ab9ccee8,0x00000007aba00000)
  to   space 512K, 0% used [0x00000007ab800000,0x00000007ab800000,0x00000007ab880000)
 ParOldGen       total 77312K, used 76820K [0x0000000700000000, 0x0000000704b80000, 0x00000007aab00000)
  object space 77312K, 99% used [0x0000000700000000,0x0000000704b051a0,0x0000000704b80000)
 Metaspace       used 73215K, committed 74816K, reserved 1179648K
  class space    used 7558K, committed 8256K, reserved 1048576K
GC Heap History (20 events):
Event: 351.751 GC heap before
{Heap before GC invocations=64 (full 3):
 PSYoungGen      total 15872K, used 15872K [0x00000007aab00000, 0x00000007abf80000, 0x0000000800000000)
  eden space 13824K, 100% used [0x00000007aab00000,0x00000007ab880000,0x00000007ab880000)
  from space 2048K, 100% used [0x00000007abd80000,0x00000007abf80000,0x00000007abf80000)
  to   space 3072K, 0% used [0x00000007ab980000,0x00000007ab980000,0x00000007abc80000)
 ParOldGen       total 68608K, used 66212K [0x0000000700000000, 0x0000000704300000, 0x00000007aab00000)
  object space 68608K, 96% used [0x0000000700000000,0x00000007040a9288,0x0000000704300000)
 Metaspace       used 71289K, committed 72832K, reserved 1179648K
  class space    used 7472K, committed 8128K, reserved 1048576K
}
Event: 351.758 GC heap after
{Heap after GC invocations=64 (full 3):
 PSYoungGen      total 15360K, used 1152K [0x00000007aab00000, 0x00000007abe00000, 0x0000000800000000)
  eden space 13824K, 0% used [0x00000007aab00000,0x00000007aab00000,0x00000007ab880000)
  from space 1536K, 75% used [0x00000007ab980000,0x00000007abaa0000,0x00000007abb00000)
  to   space 2048K, 0% used [0x00000007abc00000,0x00000007abc00000,0x00000007abe00000)
 ParOldGen       total 68608K, used 68068K [0x0000000700000000, 0x0000000704300000, 0x00000007aab00000)
  object space 68608K, 99% used [0x0000000700000000,0x0000000704279230,0x0000000704300000)
 Metaspace       used 71289K, committed 72832K, reserved 1179648K
  class space    used 7472K, committed 8128K, reserved 1048576K
}
Event: 352.343 GC heap before
{Heap before GC invocations=65 (full 3):
 PSYoungGen      total 15360K, used 14976K [0x00000007aab00000, 0x00000007abe00000, 0x0000000800000000)
  eden space 13824K, 100% used [0x00000007aab00000,0x00000007ab880000,0x00000007ab880000)
  from space 1536K, 75% used [0x00000007ab980000,0x00000007abaa0000,0x00000007abb00000)
  to   space 2048K, 0% used [0x00000007abc00000,0x00000007abc00000,0x00000007abe00000)
 ParOldGen       total 68608K, used 68068K [0x0000000700000000, 0x0000000704300000, 0x00000007aab00000)
  object space 68608K, 99% used [0x0000000700000000,0x0000000704279230,0x0000000704300000)
 Metaspace       used 71643K, committed 73152K, reserved 1179648K
  class space    used 7500K, committed 8128K, reserved 1048576K
}
Event: 352.347 GC heap after
{Heap after GC invocations=65 (full 3):
 PSYoungGen      total 14848K, used 704K [0x00000007aab00000, 0x00000007abd00000, 0x0000000800000000)
  eden space 13824K, 0% used [0x00000007aab00000,0x00000007aab00000,0x00000007ab880000)
  from space 1024K, 68% used [0x00000007abc00000,0x00000007abcb0000,0x00000007abd00000)
  to   space 1024K, 0% used [0x00000007abb00000,0x00000007abb00000,0x00000007abc00000)
 ParOldGen       total 69120K, used 69012K [0x0000000700000000, 0x0000000704380000, 0x00000007aab00000)
  object space 69120K, 99% used [0x0000000700000000,0x0000000704365230,0x0000000704380000)
 Metaspace       used 71643K, committed 73152K, reserved 1179648K
  class space    used 7500K, committed 8128K, reserved 1048576K
}
Event: 353.448 GC heap before
{Heap before GC invocations=66 (full 3):
 PSYoungGen      total 14848K, used 14528K [0x00000007aab00000, 0x00000007abd00000, 0x0000000800000000)
  eden space 13824K, 100% used [0x00000007aab00000,0x00000007ab880000,0x00000007ab880000)
  from space 1024K, 68% used [0x00000007abc00000,0x00000007abcb0000,0x00000007abd00000)
  to   space 1024K, 0% used [0x00000007abb00000,0x00000007abb00000,0x00000007abc00000)
 ParOldGen       total 69120K, used 69012K [0x0000000700000000, 0x0000000704380000, 0x00000007aab00000)
  object space 69120K, 99% used [0x0000000700000000,0x0000000704365230,0x0000000704380000)
 Metaspace       used 71991K, committed 73536K, reserved 1179648K
  class space    used 7526K, committed 8192K, reserved 1048576K
}
Event: 353.452 GC heap after
{Heap after GC invocations=66 (full 3):
 PSYoungGen      total 14848K, used 999K [0x00000007aab00000, 0x00000007abe80000, 0x0000000800000000)
  eden space 13824K, 0% used [0x00000007aab00000,0x00000007aab00000,0x00000007ab880000)
  from space 1024K, 97% used [0x00000007abb00000,0x00000007abbf9dd0,0x00000007abc00000)
  to   space 2560K, 0% used [0x00000007abc00000,0x00000007abc00000,0x00000007abe80000)
 ParOldGen       total 70656K, used 70351K [0x0000000700000000, 0x0000000704500000, 0x00000007aab00000)
  object space 70656K, 99% used [0x0000000700000000,0x00000007044b3d70,0x0000000704500000)
 Metaspace       used 71991K, committed 73536K, reserved 1179648K
  class space    used 7526K, committed 8192K, reserved 1048576K
}
Event: 354.093 GC heap before
{Heap before GC invocations=67 (full 3):
 PSYoungGen      total 14848K, used 14823K [0x00000007aab00000, 0x00000007abe80000, 0x0000000800000000)
  eden space 13824K, 100% used [0x00000007aab00000,0x00000007ab880000,0x00000007ab880000)
  from space 1024K, 97% used [0x00000007abb00000,0x00000007abbf9dd0,0x00000007abc00000)
  to   space 2560K, 0% used [0x00000007abc00000,0x00000007abc00000,0x00000007abe80000)
 ParOldGen       total 70656K, used 70351K [0x0000000700000000, 0x0000000704500000, 0x00000007aab00000)
  object space 70656K, 99% used [0x0000000700000000,0x00000007044b3d70,0x0000000704500000)
 Metaspace       used 72185K, committed 73792K, reserved 1179648K
  class space    used 7529K, committed 8256K, reserved 1048576K
}
Event: 354.102 GC heap after
{Heap after GC invocations=67 (full 3):
 PSYoungGen      total 15872K, used 2531K [0x00000007aab00000, 0x00000007ac080000, 0x0000000800000000)
  eden space 13312K, 0% used [0x00000007aab00000,0x00000007aab00000,0x00000007ab800000)
  from space 2560K, 98% used [0x00000007abc00000,0x00000007abe78f18,0x00000007abe80000)
  to   space 4096K, 0% used [0x00000007ab800000,0x00000007ab800000,0x00000007abc00000)
 ParOldGen       total 71680K, used 71497K [0x0000000700000000, 0x0000000704600000, 0x00000007aab00000)
  object space 71680K, 99% used [0x0000000700000000,0x00000007045d2460,0x0000000704600000)
 Metaspace       used 72185K, committed 73792K, reserved 1179648K
  class space    used 7529K, committed 8256K, reserved 1048576K
}
Event: 354.397 GC heap before
{Heap before GC invocations=68 (full 3):
 PSYoungGen      total 15872K, used 15843K [0x00000007aab00000, 0x00000007ac080000, 0x0000000800000000)
  eden space 13312K, 100% used [0x00000007aab00000,0x00000007ab800000,0x00000007ab800000)
  from space 2560K, 98% used [0x00000007abc00000,0x00000007abe78f18,0x00000007abe80000)
  to   space 4096K, 0% used [0x00000007ab800000,0x00000007ab800000,0x00000007abc00000)
 ParOldGen       total 71680K, used 71497K [0x0000000700000000, 0x0000000704600000, 0x00000007aab00000)
  object space 71680K, 99% used [0x0000000700000000,0x00000007045d2460,0x0000000704600000)
 Metaspace       used 72318K, committed 73920K, reserved 1179648K
  class space    used 7533K, committed 8256K, reserved 1048576K
}
Event: 354.401 GC heap after
{Heap after GC invocations=68 (full 3):
 PSYoungGen      total 14336K, used 659K [0x00000007aab00000, 0x00000007abc80000, 0x0000000800000000)
  eden space 13312K, 0% used [0x00000007aab00000,0x00000007aab00000,0x00000007ab800000)
  from space 1024K, 64% used [0x00000007ab800000,0x00000007ab8a4ee8,0x00000007ab900000)
  to   space 2048K, 0% used [0x00000007aba80000,0x00000007aba80000,0x00000007abc80000)
 ParOldGen       total 74240K, used 73960K [0x0000000700000000, 0x0000000704880000, 0x00000007aab00000)
  object space 74240K, 99% used [0x0000000700000000,0x000000070483a1a8,0x0000000704880000)
 Metaspace       used 72318K, committed 73920K, reserved 1179648K
  class space    used 7533K, committed 8256K, reserved 1048576K
}
Event: 354.794 GC heap before
{Heap before GC invocations=69 (full 3):
 PSYoungGen      total 14336K, used 13971K [0x00000007aab00000, 0x00000007abc80000, 0x0000000800000000)
  eden space 13312K, 100% used [0x00000007aab00000,0x00000007ab800000,0x00000007ab800000)
  from space 1024K, 64% used [0x00000007ab800000,0x00000007ab8a4ee8,0x00000007ab900000)
  to   space 2048K, 0% used [0x00000007aba80000,0x00000007aba80000,0x00000007abc80000)
 ParOldGen       total 74240K, used 73960K [0x0000000700000000, 0x0000000704880000, 0x00000007aab00000)
  object space 74240K, 99% used [0x0000000700000000,0x000000070483a1a8,0x0000000704880000)
 Metaspace       used 72405K, committed 73984K, reserved 1179648K
  class space    used 7536K, committed 8256K, reserved 1048576K
}
Event: 354.797 GC heap after
{Heap after GC invocations=69 (full 3):
 PSYoungGen      total 13824K, used 480K [0x00000007aab00000, 0x00000007abb00000, 0x0000000800000000)
  eden space 13312K, 0% used [0x00000007aab00000,0x00000007aab00000,0x00000007ab800000)
  from space 512K, 93% used [0x00000007aba80000,0x00000007abaf8000,0x00000007abb00000)
  to   space 1024K, 0% used [0x00000007ab900000,0x00000007ab900000,0x00000007aba00000)
 ParOldGen       total 74752K, used 74351K [0x0000000700000000, 0x0000000704900000, 0x00000007aab00000)
  object space 74752K, 99% used [0x0000000700000000,0x000000070489be70,0x0000000704900000)
 Metaspace       used 72405K, committed 73984K, reserved 1179648K
  class space    used 7536K, committed 8256K, reserved 1048576K
}
Event: 354.999 GC heap before
{Heap before GC invocations=70 (full 3):
 PSYoungGen      total 13824K, used 13792K [0x00000007aab00000, 0x00000007abb00000, 0x0000000800000000)
  eden space 13312K, 100% used [0x00000007aab00000,0x00000007ab800000,0x00000007ab800000)
  from space 512K, 93% used [0x00000007aba80000,0x00000007abaf8000,0x00000007abb00000)
  to   space 1024K, 0% used [0x00000007ab900000,0x00000007ab900000,0x00000007aba00000)
 ParOldGen       total 74752K, used 74351K [0x0000000700000000, 0x0000000704900000, 0x00000007aab00000)
  object space 74752K, 99% used [0x0000000700000000,0x000000070489bea8,0x0000000704900000)
 Metaspace       used 72654K, committed 74240K, reserved 1179648K
  class space    used 7554K, committed 8256K, reserved 1048576K
}
Event: 355.001 GC heap after
{Heap after GC invocations=70 (full 3):
 PSYoungGen      total 14336K, used 992K [0x00000007aab00000, 0x00000007abc00000, 0x0000000800000000)
  eden space 13312K, 0% used [0x00000007aab00000,0x00000007aab00000,0x00000007ab800000)
  from space 1024K, 96% used [0x00000007ab900000,0x00000007ab9f8098,0x00000007aba00000)
  to   space 2048K, 0% used [0x00000007aba00000,0x00000007aba00000,0x00000007abc00000)
 ParOldGen       total 75264K, used 74815K [0x0000000700000000, 0x0000000704980000, 0x00000007aab00000)
  object space 75264K, 99% used [0x0000000700000000,0x000000070490feb8,0x0000000704980000)
 Metaspace       used 72654K, committed 74240K, reserved 1179648K
  class space    used 7554K, committed 8256K, reserved 1048576K
}
Event: 355.594 GC heap before
{Heap before GC invocations=71 (full 3):
 PSYoungGen      total 14336K, used 14304K [0x00000007aab00000, 0x00000007abc00000, 0x0000000800000000)
  eden space 13312K, 100% used [0x00000007aab00000,0x00000007ab800000,0x00000007ab800000)
  from space 1024K, 96% used [0x00000007ab900000,0x00000007ab9f8098,0x00000007aba00000)
  to   space 2048K, 0% used [0x00000007aba00000,0x00000007aba00000,0x00000007abc00000)
 ParOldGen       total 75264K, used 74818K [0x0000000700000000, 0x0000000704980000, 0x00000007aab00000)
  object space 75264K, 99% used [0x0000000700000000,0x0000000704910920,0x0000000704980000)
 Metaspace       used 72865K, committed 74432K, reserved 1179648K
  class space    used 7557K, committed 8256K, reserved 1048576K
}
Event: 355.599 GC heap after
{Heap after GC invocations=71 (full 3):
 PSYoungGen      total 15360K, used 1575K [0x00000007aab00000, 0x00000007abc00000, 0x0000000800000000)
  eden space 13312K, 0% used [0x00000007aab00000,0x00000007aab00000,0x00000007ab800000)
  from space 2048K, 76% used [0x00000007aba00000,0x00000007abb89dd0,0x00000007abc00000)
  to   space 2048K, 0% used [0x00000007ab800000,0x00000007ab800000,0x00000007aba00000)
 ParOldGen       total 75776K, used 75748K [0x0000000700000000, 0x0000000704a00000, 0x00000007aab00000)
  object space 75776K, 99% used [0x0000000700000000,0x00000007049f9300,0x0000000704a00000)
 Metaspace       used 72865K, committed 74432K, reserved 1179648K
  class space    used 7557K, committed 8256K, reserved 1048576K
}
Event: 356.477 GC heap before
{Heap before GC invocations=72 (full 3):
 PSYoungGen      total 15360K, used 14886K [0x00000007aab00000, 0x00000007abc00000, 0x0000000800000000)
  eden space 13312K, 99% used [0x00000007aab00000,0x00000007ab7ffad0,0x00000007ab800000)
  from space 2048K, 76% used [0x00000007aba00000,0x00000007abb89dd0,0x00000007abc00000)
  to   space 2048K, 0% used [0x00000007ab800000,0x00000007ab800000,0x00000007aba00000)
 ParOldGen       total 75776K, used 75748K [0x0000000700000000, 0x0000000704a00000, 0x00000007aab00000)
  object space 75776K, 99% used [0x0000000700000000,0x00000007049f9300,0x0000000704a00000)
 Metaspace       used 73082K, committed 74624K, reserved 1179648K
  class space    used 7558K, committed 8256K, reserved 1048576K
}
Event: 356.480 GC heap after
{Heap after GC invocations=72 (full 3):
 PSYoungGen      total 13824K, used 192K [0x00000007aab00000, 0x00000007aba80000, 0x0000000800000000)
  eden space 13312K, 0% used [0x00000007aab00000,0x00000007aab00000,0x00000007ab800000)
  from space 512K, 37% used [0x00000007ab800000,0x00000007ab830000,0x00000007ab880000)
  to   space 1024K, 0% used [0x00000007ab980000,0x00000007ab980000,0x00000007aba80000)
 ParOldGen       total 76800K, used 76764K [0x0000000700000000, 0x0000000704b00000, 0x00000007aab00000)
  object space 76800K, 99% used [0x0000000700000000,0x0000000704af71a0,0x0000000704b00000)
 Metaspace       used 73082K, committed 74624K, reserved 1179648K
  class space    used 7558K, committed 8256K, reserved 1048576K
}
Event: 356.703 GC heap before
{Heap before GC invocations=73 (full 3):
 PSYoungGen      total 13824K, used 13504K [0x00000007aab00000, 0x00000007aba80000, 0x0000000800000000)
  eden space 13312K, 100% used [0x00000007aab00000,0x00000007ab800000,0x00000007ab800000)
  from space 512K, 37% used [0x00000007ab800000,0x00000007ab830000,0x00000007ab880000)
  to   space 1024K, 0% used [0x00000007ab980000,0x00000007ab980000,0x00000007aba80000)
 ParOldGen       total 76800K, used 76764K [0x0000000700000000, 0x0000000704b00000, 0x00000007aab00000)
  object space 76800K, 99% used [0x0000000700000000,0x0000000704af71a0,0x0000000704b00000)
 Metaspace       used 73153K, committed 74752K, reserved 1179648K
  class space    used 7558K, committed 8256K, reserved 1048576K
}
Event: 356.705 GC heap after
{Heap after GC invocations=73 (full 3):
 PSYoungGen      total 13824K, used 307K [0x00000007aab00000, 0x00000007aba00000, 0x0000000800000000)
  eden space 13312K, 0% used [0x00000007aab00000,0x00000007aab00000,0x00000007ab800000)
  from space 512K, 60% used [0x00000007ab980000,0x00000007ab9ccee8,0x00000007aba00000)
  to   space 512K, 0% used [0x00000007ab800000,0x00000007ab800000,0x00000007ab880000)
 ParOldGen       total 77312K, used 76820K [0x0000000700000000, 0x0000000704b80000, 0x00000007aab00000)
  object space 77312K, 99% used [0x0000000700000000,0x0000000704b051a0,0x0000000704b80000)
 Metaspace       used 73153K, committed 74752K, reserved 1179648K
  class space    used 7558K, committed 8256K, reserved 1048576K
}

