# JRE version: OpenJDK Runtime Environment JBR-17.0.12+1-1207.37-nomod (17.0.12+1) (build 17.0.12+1-b1207.37)
# Java VM: OpenJDK 64-Bit Server VM JBR-17.0.12+1-1207.37-nomod (17.0.12+1-b1207.37, mixed mode, sharing, tiered, compressed oops, compressed class ptrs, g1 gc, windows-amd64)
GC Precious Log:
 CPUs: 8 total, 8 available
 Memory: 12071M
 Large Page Support: Disabled
 NUMA Support: Disabled
 Compressed Oops: Enabled (Zero based)
 Heap Region Size: 2M
 Heap Min Capacity: 8M
 Heap Initial Capacity: 190M
 Heap Max Capacity: 3018M
 Pre-touch: Disabled
 Parallel Workers: 8
 Concurrent Workers: 2
 Concurrent Refinement Workers: 8
 Periodic GC: Disabled
Heap:
 garbage-first heap   total 59392K, used 25239K [0x0000000743600000, 0x0000000800000000)
  region size 2048K, 11 young (22528K), 7 survivors (14336K)
 Metaspace       used 24471K, committed 24704K, reserved 1114112K
  class space    used 3541K, committed 3648K, reserved 1048576K
GC Heap History (8 events):
Event: 2.224 GC heap before
{Heap before GC invocations=0 (full 0):
 garbage-first heap   total 194560K, used 20480K [0x0000000743600000, 0x0000000800000000)
  region size 2048K, 11 young (22528K), 0 survivors (0K)
 Metaspace       used 5791K, committed 5952K, reserved 1114112K
  class space    used 680K, committed 768K, reserved 1048576K
}
Event: 2.286 GC heap after
{Heap after GC invocations=1 (full 0):
 garbage-first heap   total 194560K, used 3066K [0x0000000743600000, 0x0000000800000000)
  region size 2048K, 2 young (4096K), 2 survivors (4096K)
 Metaspace       used 5791K, committed 5952K, reserved 1114112K
  class space    used 680K, committed 768K, reserved 1048576K
}
Event: 4.804 GC heap before
{Heap before GC invocations=1 (full 0):
 garbage-first heap   total 194560K, used 39930K [0x0000000743600000, 0x0000000800000000)
  region size 2048K, 20 young (40960K), 2 survivors (4096K)
 Metaspace       used 16096K, committed 16320K, reserved 1114112K
  class space    used 2222K, committed 2304K, reserved 1048576K
}
Event: 4.810 GC heap after
{Heap after GC invocations=2 (full 0):
 garbage-first heap   total 194560K, used 8128K [0x0000000743600000, 0x0000000800000000)
  region size 2048K, 3 young (6144K), 3 survivors (6144K)
 Metaspace       used 16096K, committed 16320K, reserved 1114112K
  class space    used 2222K, committed 2304K, reserved 1048576K
}
Event: 23.023 GC heap before
{Heap before GC invocations=2 (full 0):
 garbage-first heap   total 194560K, used 36800K [0x0000000743600000, 0x0000000800000000)
  region size 2048K, 17 young (34816K), 3 survivors (6144K)
 Metaspace       used 21306K, committed 21504K, reserved 1114112K
  class space    used 3012K, committed 3136K, reserved 1048576K
}
Event: 23.029 GC heap after
{Heap after GC invocations=3 (full 0):
 garbage-first heap   total 194560K, used 13500K [0x0000000743600000, 0x0000000800000000)
  region size 2048K, 5 young (10240K), 5 survivors (10240K)
 Metaspace       used 21306K, committed 21504K, reserved 1114112K
  class space    used 3012K, committed 3136K, reserved 1048576K
}
Event: 54.892 GC heap before
{Heap before GC invocations=4 (full 0):
 garbage-first heap   total 55296K, used 38076K [0x0000000743600000, 0x0000000800000000)
  region size 2048K, 18 young (36864K), 5 survivors (10240K)
 Metaspace       used 23456K, committed 23744K, reserved 1114112K
  class space    used 3370K, committed 3520K, reserved 1048576K
}
Event: 54.923 GC heap after
{Heap after GC invocations=5 (full 0):
 garbage-first heap   total 59392K, used 19095K [0x0000000743600000, 0x0000000800000000)
  region size 2048K, 7 young (14336K), 7 survivors (14336K)
 Metaspace       used 23456K, committed 23744K, reserved 1114112K
  class space    used 3370K, committed 3520K, reserved 1048576K
}

