# JRE version: OpenJDK Runtime Environment Temurin-21.0.10+7 (21.0.10+7) (build 21.0.10+7-LTS)
# Java VM: OpenJDK 64-Bit Server VM Temurin-21.0.10+7 (21.0.10+7-LTS, mixed mode, sharing, tiered, compressed oops, compressed class ptrs, parallel gc, windows-amd64)
GC Precious Log:
 CardTable entry size: 512
 CPUs: 8 total, 8 available
 Memory: 12071M
 Large Page Support: Disabled
 NUMA Support: Disabled
 Compressed Oops: Enabled (Zero based)
 Alignments: Space 512K, Generation 512K, Heap 2M
 Heap Min Capacity: 100M
 Heap Initial Capacity: 100M
 Heap Max Capacity: 4G
 Pre-touch: Disabled
 Parallel Workers: 8
Heap:
 PSYoungGen      total 22016K, used 4642K [0x00000007aab00000, 0x00000007ac300000, 0x0000000800000000)
  eden space 21504K, 19% used [0x00000007aab00000,0x00000007aaf0b380,0x00000007ac000000)
  from space 512K, 97% used [0x00000007ac180000,0x00000007ac1fd4b8,0x00000007ac200000)
  to   space 1536K, 0% used [0x00000007ac000000,0x00000007ac000000,0x00000007ac180000)
 ParOldGen       total 68608K, used 44162K [0x0000000700000000, 0x0000000704300000, 0x00000007aab00000)
  object space 68608K, 64% used [0x0000000700000000,0x0000000702b20be0,0x0000000704300000)
 Metaspace       used 61594K, committed 63104K, reserved 1114112K
  class space    used 6680K, committed 7360K, reserved 1048576K
GC Heap History (20 events):
Event: 31.180 GC heap before
{Heap before GC invocations=36 (full 2):
 PSYoungGen      total 23040K, used 23039K [0x00000007aab00000, 0x00000007ac600000, 0x0000000800000000)
  eden space 21504K, 100% used [0x00000007aab00000,0x00000007ac000000,0x00000007ac000000)
  from space 1536K, 99% used [0x00000007ac000000,0x00000007ac17fea8,0x00000007ac180000)
  to   space 3072K, 0% used [0x00000007ac300000,0x00000007ac300000,0x00000007ac600000)
 ParOldGen       total 68608K, used 44574K [0x0000000700000000, 0x0000000704300000, 0x00000007aab00000)
  object space 68608K, 64% used [0x0000000700000000,0x0000000702b87a38,0x0000000704300000)
 Metaspace       used 54929K, committed 56320K, reserved 1114112K
  class space    used 5970K, committed 6528K, reserved 1048576K
}
Event: 31.182 GC heap after
{Heap after GC invocations=36 (full 2):
 PSYoungGen      total 22016K, used 128K [0x00000007aab00000, 0x00000007ac380000, 0x0000000800000000)
  eden space 21504K, 0% used [0x00000007aab00000,0x00000007aab00000,0x00000007ac000000)
  from space 512K, 25% used [0x00000007ac300000,0x00000007ac320000,0x00000007ac380000)
  to   space 1536K, 0% used [0x00000007ac080000,0x00000007ac080000,0x00000007ac200000)
 ParOldGen       total 68608K, used 44798K [0x0000000700000000, 0x0000000704300000, 0x00000007aab00000)
  object space 68608K, 65% used [0x0000000700000000,0x0000000702bbfa38,0x0000000704300000)
 Metaspace       used 54929K, committed 56320K, reserved 1114112K
  class space    used 5970K, committed 6528K, reserved 1048576K
}
Event: 31.942 GC heap before
{Heap before GC invocations=37 (full 2):
 PSYoungGen      total 22016K, used 21632K [0x00000007aab00000, 0x00000007ac380000, 0x0000000800000000)
  eden space 21504K, 100% used [0x00000007aab00000,0x00000007ac000000,0x00000007ac000000)
  from space 512K, 25% used [0x00000007ac300000,0x00000007ac320000,0x00000007ac380000)
  to   space 1536K, 0% used [0x00000007ac080000,0x00000007ac080000,0x00000007ac200000)
 ParOldGen       total 68608K, used 44798K [0x0000000700000000, 0x0000000704300000, 0x00000007aab00000)
  object space 68608K, 65% used [0x0000000700000000,0x0000000702bbfa38,0x0000000704300000)
 Metaspace       used 56141K, committed 57536K, reserved 1114112K
  class space    used 6117K, committed 6720K, reserved 1048576K
}
Event: 31.945 GC heap after
{Heap after GC invocations=37 (full 2):
 PSYoungGen      total 23040K, used 448K [0x00000007aab00000, 0x00000007ac380000, 0x0000000800000000)
  eden space 21504K, 0% used [0x00000007aab00000,0x00000007aab00000,0x00000007ac000000)
  from space 1536K, 29% used [0x00000007ac080000,0x00000007ac0f0000,0x00000007ac200000)
  to   space 1024K, 0% used [0x00000007ac280000,0x00000007ac280000,0x00000007ac380000)
 ParOldGen       total 68608K, used 44862K [0x0000000700000000, 0x0000000704300000, 0x00000007aab00000)
  object space 68608K, 65% used [0x0000000700000000,0x0000000702bcfa38,0x0000000704300000)
 Metaspace       used 56141K, committed 57536K, reserved 1114112K
  class space    used 6117K, committed 6720K, reserved 1048576K
}
Event: 32.959 GC heap before
{Heap before GC invocations=38 (full 2):
 PSYoungGen      total 23040K, used 21952K [0x00000007aab00000, 0x00000007ac380000, 0x0000000800000000)
  eden space 21504K, 100% used [0x00000007aab00000,0x00000007ac000000,0x00000007ac000000)
  from space 1536K, 29% used [0x00000007ac080000,0x00000007ac0f0000,0x00000007ac200000)
  to   space 1024K, 0% used [0x00000007ac280000,0x00000007ac280000,0x00000007ac380000)
 ParOldGen       total 68608K, used 44862K [0x0000000700000000, 0x0000000704300000, 0x00000007aab00000)
  object space 68608K, 65% used [0x0000000700000000,0x0000000702bcfa38,0x0000000704300000)
 Metaspace       used 58067K, committed 59456K, reserved 1114112K
  class space    used 6303K, committed 6848K, reserved 1048576K
}
Event: 32.963 GC heap after
{Heap after GC invocations=38 (full 2):
 PSYoungGen      total 22528K, used 1020K [0x00000007aab00000, 0x00000007ac500000, 0x0000000800000000)
  eden space 21504K, 0% used [0x00000007aab00000,0x00000007aab00000,0x00000007ac000000)
  from space 1024K, 99% used [0x00000007ac280000,0x00000007ac37f198,0x00000007ac380000)
  to   space 2560K, 0% used [0x00000007ac000000,0x00000007ac000000,0x00000007ac280000)
 ParOldGen       total 68608K, used 45655K [0x0000000700000000, 0x0000000704300000, 0x00000007aab00000)
  object space 68608K, 66% used [0x0000000700000000,0x0000000702c95cc8,0x0000000704300000)
 Metaspace       used 58067K, committed 59456K, reserved 1114112K
  class space    used 6303K, committed 6848K, reserved 1048576K
}
Event: 46.835 GC heap before
{Heap before GC invocations=39 (full 2):
 PSYoungGen      total 22528K, used 15326K [0x00000007aab00000, 0x00000007ac500000, 0x0000000800000000)
  eden space 21504K, 66% used [0x00000007aab00000,0x00000007ab8f8890,0x00000007ac000000)
  from space 1024K, 99% used [0x00000007ac280000,0x00000007ac37f198,0x00000007ac380000)
  to   space 2560K, 0% used [0x00000007ac000000,0x00000007ac000000,0x00000007ac280000)
 ParOldGen       total 68608K, used 45655K [0x0000000700000000, 0x0000000704300000, 0x00000007aab00000)
  object space 68608K, 66% used [0x0000000700000000,0x0000000702c95cc8,0x0000000704300000)
 Metaspace       used 59405K, committed 60736K, reserved 1114112K
  class space    used 6424K, committed 7040K, reserved 1048576K
}
Event: 46.838 GC heap after
{Heap after GC invocations=39 (full 2):
 PSYoungGen      total 23040K, used 1162K [0x00000007aab00000, 0x00000007ac300000, 0x0000000800000000)
  eden space 21504K, 0% used [0x00000007aab00000,0x00000007aab00000,0x00000007ac000000)
  from space 1536K, 75% used [0x00000007ac000000,0x00000007ac122ba8,0x00000007ac180000)
  to   space 1536K, 0% used [0x00000007ac180000,0x00000007ac180000,0x00000007ac300000)
 ParOldGen       total 68608K, used 46484K [0x0000000700000000, 0x0000000704300000, 0x00000007aab00000)
  object space 68608K, 67% used [0x0000000700000000,0x0000000702d65020,0x0000000704300000)
 Metaspace       used 59405K, committed 60736K, reserved 1114112K
  class space    used 6424K, committed 7040K, reserved 1048576K
}
Event: 46.838 GC heap before
{Heap before GC invocations=40 (full 3):
 PSYoungGen      total 23040K, used 1162K [0x00000007aab00000, 0x00000007ac300000, 0x0000000800000000)
  eden space 21504K, 0% used [0x00000007aab00000,0x00000007aab00000,0x00000007ac000000)
  from space 1536K, 75% used [0x00000007ac000000,0x00000007ac122ba8,0x00000007ac180000)
  to   space 1536K, 0% used [0x00000007ac180000,0x00000007ac180000,0x00000007ac300000)
 ParOldGen       total 68608K, used 46484K [0x0000000700000000, 0x0000000704300000, 0x00000007aab00000)
  object space 68608K, 67% used [0x0000000700000000,0x0000000702d65020,0x0000000704300000)
 Metaspace       used 59405K, committed 60736K, reserved 1114112K
  class space    used 6424K, committed 7040K, reserved 1048576K
}
Event: 47.020 GC heap after
{Heap after GC invocations=40 (full 3):
 PSYoungGen      total 23040K, used 0K [0x00000007aab00000, 0x00000007ac300000, 0x0000000800000000)
  eden space 21504K, 0% used [0x00000007aab00000,0x00000007aab00000,0x00000007ac000000)
  from space 1536K, 0% used [0x00000007ac000000,0x00000007ac000000,0x00000007ac180000)
  to   space 1536K, 0% used [0x00000007ac180000,0x00000007ac180000,0x00000007ac300000)
 ParOldGen       total 68608K, used 41548K [0x0000000700000000, 0x0000000704300000, 0x00000007aab00000)
  object space 68608K, 60% used [0x0000000700000000,0x0000000702893310,0x0000000704300000)
 Metaspace       used 59398K, committed 60736K, reserved 1114112K
  class space    used 6422K, committed 7040K, reserved 1048576K
}
Event: 47.506 GC heap before
{Heap before GC invocations=41 (full 3):
 PSYoungGen      total 23040K, used 21504K [0x00000007aab00000, 0x00000007ac300000, 0x0000000800000000)
  eden space 21504K, 100% used [0x00000007aab00000,0x00000007ac000000,0x00000007ac000000)
  from space 1536K, 0% used [0x00000007ac000000,0x00000007ac000000,0x00000007ac180000)
  to   space 1536K, 0% used [0x00000007ac180000,0x00000007ac180000,0x00000007ac300000)
 ParOldGen       total 68608K, used 41548K [0x0000000700000000, 0x0000000704300000, 0x00000007aab00000)
  object space 68608K, 60% used [0x0000000700000000,0x0000000702893310,0x0000000704300000)
 Metaspace       used 60480K, committed 61888K, reserved 1114112K
  class space    used 6564K, committed 7168K, reserved 1048576K
}
Event: 47.508 GC heap after
{Heap after GC invocations=41 (full 3):
 PSYoungGen      total 23040K, used 1461K [0x00000007aab00000, 0x00000007ac300000, 0x0000000800000000)
  eden space 21504K, 0% used [0x00000007aab00000,0x00000007aab00000,0x00000007ac000000)
  from space 1536K, 95% used [0x00000007ac180000,0x00000007ac2ed430,0x00000007ac300000)
  to   space 1536K, 0% used [0x00000007ac000000,0x00000007ac000000,0x00000007ac180000)
 ParOldGen       total 68608K, used 41556K [0x0000000700000000, 0x0000000704300000, 0x00000007aab00000)
  object space 68608K, 60% used [0x0000000700000000,0x0000000702895310,0x0000000704300000)
 Metaspace       used 60480K, committed 61888K, reserved 1114112K
  class space    used 6564K, committed 7168K, reserved 1048576K
}
Event: 56.211 GC heap before
{Heap before GC invocations=42 (full 3):
 PSYoungGen      total 23040K, used 22965K [0x00000007aab00000, 0x00000007ac300000, 0x0000000800000000)
  eden space 21504K, 100% used [0x00000007aab00000,0x00000007ac000000,0x00000007ac000000)
  from space 1536K, 95% used [0x00000007ac180000,0x00000007ac2ed430,0x00000007ac300000)
  to   space 1536K, 0% used [0x00000007ac000000,0x00000007ac000000,0x00000007ac180000)
 ParOldGen       total 68608K, used 41556K [0x0000000700000000, 0x0000000704300000, 0x00000007aab00000)
  object space 68608K, 60% used [0x0000000700000000,0x0000000702895310,0x0000000704300000)
 Metaspace       used 61135K, committed 62656K, reserved 1114112K
  class space    used 6616K, committed 7296K, reserved 1048576K
}
Event: 56.213 GC heap after
{Heap after GC invocations=42 (full 3):
 PSYoungGen      total 23040K, used 894K [0x00000007aab00000, 0x00000007ac300000, 0x0000000800000000)
  eden space 21504K, 0% used [0x00000007aab00000,0x00000007aab00000,0x00000007ac000000)
  from space 1536K, 58% used [0x00000007ac000000,0x00000007ac0dfb68,0x00000007ac180000)
  to   space 1536K, 0% used [0x00000007ac180000,0x00000007ac180000,0x00000007ac300000)
 ParOldGen       total 68608K, used 42337K [0x0000000700000000, 0x0000000704300000, 0x00000007aab00000)
  object space 68608K, 61% used [0x0000000700000000,0x00000007029584a8,0x0000000704300000)
 Metaspace       used 61135K, committed 62656K, reserved 1114112K
  class space    used 6616K, committed 7296K, reserved 1048576K
}
Event: 56.277 GC heap before
{Heap before GC invocations=43 (full 3):
 PSYoungGen      total 23040K, used 22398K [0x00000007aab00000, 0x00000007ac300000, 0x0000000800000000)
  eden space 21504K, 100% used [0x00000007aab00000,0x00000007ac000000,0x00000007ac000000)
  from space 1536K, 58% used [0x00000007ac000000,0x00000007ac0dfb68,0x00000007ac180000)
  to   space 1536K, 0% used [0x00000007ac180000,0x00000007ac180000,0x00000007ac300000)
 ParOldGen       total 68608K, used 42337K [0x0000000700000000, 0x0000000704300000, 0x00000007aab00000)
  object space 68608K, 61% used [0x0000000700000000,0x00000007029584a8,0x0000000704300000)
 Metaspace       used 61163K, committed 62656K, reserved 1114112K
  class space    used 6618K, committed 7296K, reserved 1048576K
}
Event: 56.279 GC heap after
{Heap after GC invocations=43 (full 3):
 PSYoungGen      total 22528K, used 753K [0x00000007aab00000, 0x00000007ac280000, 0x0000000800000000)
  eden space 21504K, 0% used [0x00000007aab00000,0x00000007aab00000,0x00000007ac000000)
  from space 1024K, 73% used [0x00000007ac180000,0x00000007ac23c7d8,0x00000007ac280000)
  to   space 1024K, 0% used [0x00000007ac080000,0x00000007ac080000,0x00000007ac180000)
 ParOldGen       total 68608K, used 42997K [0x0000000700000000, 0x0000000704300000, 0x00000007aab00000)
  object space 68608K, 62% used [0x0000000700000000,0x00000007029fd700,0x0000000704300000)
 Metaspace       used 61163K, committed 62656K, reserved 1114112K
  class space    used 6618K, committed 7296K, reserved 1048576K
}
Event: 56.371 GC heap before
{Heap before GC invocations=44 (full 3):
 PSYoungGen      total 22528K, used 22257K [0x00000007aab00000, 0x00000007ac280000, 0x0000000800000000)
  eden space 21504K, 100% used [0x00000007aab00000,0x00000007ac000000,0x00000007ac000000)
  from space 1024K, 73% used [0x00000007ac180000,0x00000007ac23c7d8,0x00000007ac280000)
  to   space 1024K, 0% used [0x00000007ac080000,0x00000007ac080000,0x00000007ac180000)
 ParOldGen       total 68608K, used 42997K [0x0000000700000000, 0x0000000704300000, 0x00000007aab00000)
  object space 68608K, 62% used [0x0000000700000000,0x00000007029fd700,0x0000000704300000)
 Metaspace       used 61183K, committed 62720K, reserved 1114112K
  class space    used 6620K, committed 7296K, reserved 1048576K
}
Event: 56.373 GC heap after
{Heap after GC invocations=44 (full 3):
 PSYoungGen      total 22528K, used 672K [0x00000007aab00000, 0x00000007ac200000, 0x0000000800000000)
  eden space 21504K, 0% used [0x00000007aab00000,0x00000007aab00000,0x00000007ac000000)
  from space 1024K, 65% used [0x00000007ac080000,0x00000007ac128000,0x00000007ac180000)
  to   space 512K, 0% used [0x00000007ac180000,0x00000007ac180000,0x00000007ac200000)
 ParOldGen       total 68608K, used 43502K [0x0000000700000000, 0x0000000704300000, 0x00000007aab00000)
  object space 68608K, 63% used [0x0000000700000000,0x0000000702a7b9e0,0x0000000704300000)
 Metaspace       used 61183K, committed 62720K, reserved 1114112K
  class space    used 6620K, committed 7296K, reserved 1048576K
}
Event: 56.482 GC heap before
{Heap before GC invocations=45 (full 3):
 PSYoungGen      total 22528K, used 22176K [0x00000007aab00000, 0x00000007ac200000, 0x0000000800000000)
  eden space 21504K, 100% used [0x00000007aab00000,0x00000007ac000000,0x00000007ac000000)
  from space 1024K, 65% used [0x00000007ac080000,0x00000007ac128000,0x00000007ac180000)
  to   space 512K, 0% used [0x00000007ac180000,0x00000007ac180000,0x00000007ac200000)
 ParOldGen       total 68608K, used 43502K [0x0000000700000000, 0x0000000704300000, 0x00000007aab00000)
  object space 68608K, 63% used [0x0000000700000000,0x0000000702a7b9e0,0x0000000704300000)
 Metaspace       used 61200K, committed 62720K, reserved 1114112K
  class space    used 6620K, committed 7296K, reserved 1048576K
}
Event: 56.485 GC heap after
{Heap after GC invocations=45 (full 3):
 PSYoungGen      total 22016K, used 501K [0x00000007aab00000, 0x00000007ac300000, 0x0000000800000000)
  eden space 21504K, 0% used [0x00000007aab00000,0x00000007aab00000,0x00000007ac000000)
  from space 512K, 97% used [0x00000007ac180000,0x00000007ac1fd4b8,0x00000007ac200000)
  to   space 1536K, 0% used [0x00000007ac000000,0x00000007ac000000,0x00000007ac180000)
 ParOldGen       total 68608K, used 44162K [0x0000000700000000, 0x0000000704300000, 0x00000007aab00000)
  object space 68608K, 64% used [0x0000000700000000,0x0000000702b20be0,0x0000000704300000)
 Metaspace       used 61200K, committed 62720K, reserved 1114112K
  class space    used 6620K, committed 7296K, reserved 1048576K
}

