# JRE version: OpenJDK Runtime Environment Temurin-21.0.10+7 (21.0.10+7) (build 21.0.10+7-LTS)
# Java VM: OpenJDK 64-Bit Server VM Temurin-21.0.10+7 (21.0.10+7-LTS, mixed mode, sharing, tiered, compressed oops, compressed class ptrs, parallel gc, windows-amd64)
GC Precious Log:
 CardTable entry size: 512
 CPUs: 8 total, 8 available
 Memory: 12071M
 Large Page Support: Disabled
 NUMA Support: Disabled
 Compressed Oops: Enabled (Zero based)
 Alignments: Space 512K, Generation 512K, Heap 2M
 Heap Min Capacity: 100M
 Heap Initial Capacity: 100M
 Heap Max Capacity: 4G
 Pre-touch: Disabled
 Parallel Workers: 8
Heap:
 PSYoungGen      total 22528K, used 8189K [0x00000007aab00000, 0x00000007ac200000, 0x0000000800000000)
  eden space 20992K, 35% used [0x00000007aab00000,0x00000007ab237588,0x00000007abf80000)
  from space 1536K, 52% used [0x00000007abf80000,0x00000007ac048000,0x00000007ac100000)
  to   space 1024K, 0% used [0x00000007ac100000,0x00000007ac100000,0x00000007ac200000)
 ParOldGen       total 68608K, used 46069K [0x0000000700000000, 0x0000000704300000, 0x00000007aab00000)
  object space 68608K, 67% used [0x0000000700000000,0x0000000702cfd510,0x0000000704300000)
 Metaspace       used 62830K, committed 64320K, reserved 1114112K
  class space    used 6747K, committed 7424K, reserved 1048576K
GC Heap History (20 events):
Event: 15.770 GC heap before
{Heap before GC invocations=35 (full 2):
 PSYoungGen      total 23552K, used 23435K [0x00000007aab00000, 0x00000007ac380000, 0x0000000800000000)
  eden space 22016K, 100% used [0x00000007aab00000,0x00000007ac080000,0x00000007ac080000)
  from space 1536K, 92% used [0x00000007ac200000,0x00000007ac362e58,0x00000007ac380000)
  to   space 1536K, 0% used [0x00000007ac080000,0x00000007ac080000,0x00000007ac200000)
 ParOldGen       total 68608K, used 42211K [0x0000000700000000, 0x0000000704300000, 0x00000007aab00000)
  object space 68608K, 61% used [0x0000000700000000,0x0000000702938d88,0x0000000704300000)
 Metaspace       used 56232K, committed 57728K, reserved 1114112K
  class space    used 6146K, committed 6784K, reserved 1048576K
}
Event: 15.772 GC heap after
{Heap after GC invocations=35 (full 2):
 PSYoungGen      total 23552K, used 1532K [0x00000007aab00000, 0x00000007ac680000, 0x0000000800000000)
  eden space 22016K, 0% used [0x00000007aab00000,0x00000007aab00000,0x00000007ac080000)
  from space 1536K, 99% used [0x00000007ac080000,0x00000007ac1ff300,0x00000007ac200000)
  to   space 3072K, 0% used [0x00000007ac380000,0x00000007ac380000,0x00000007ac680000)
 ParOldGen       total 68608K, used 43333K [0x0000000700000000, 0x0000000704300000, 0x00000007aab00000)
  object space 68608K, 63% used [0x0000000700000000,0x0000000702a51688,0x0000000704300000)
 Metaspace       used 56232K, committed 57728K, reserved 1114112K
  class space    used 6146K, committed 6784K, reserved 1048576K
}
Event: 15.930 GC heap before
{Heap before GC invocations=36 (full 2):
 PSYoungGen      total 23552K, used 23548K [0x00000007aab00000, 0x00000007ac680000, 0x0000000800000000)
  eden space 22016K, 100% used [0x00000007aab00000,0x00000007ac080000,0x00000007ac080000)
  from space 1536K, 99% used [0x00000007ac080000,0x00000007ac1ff300,0x00000007ac200000)
  to   space 3072K, 0% used [0x00000007ac380000,0x00000007ac380000,0x00000007ac680000)
 ParOldGen       total 68608K, used 43333K [0x0000000700000000, 0x0000000704300000, 0x00000007aab00000)
  object space 68608K, 63% used [0x0000000700000000,0x0000000702a51688,0x0000000704300000)
 Metaspace       used 56256K, committed 57728K, reserved 1114112K
  class space    used 6146K, committed 6784K, reserved 1048576K
}
Event: 15.933 GC heap after
{Heap after GC invocations=36 (full 2):
 PSYoungGen      total 23552K, used 1072K [0x00000007aab00000, 0x00000007ac500000, 0x0000000800000000)
  eden space 22016K, 0% used [0x00000007aab00000,0x00000007aab00000,0x00000007ac080000)
  from space 1536K, 69% used [0x00000007ac380000,0x00000007ac48c370,0x00000007ac500000)
  to   space 2048K, 0% used [0x00000007ac100000,0x00000007ac100000,0x00000007ac300000)
 ParOldGen       total 68608K, used 44429K [0x0000000700000000, 0x0000000704300000, 0x00000007aab00000)
  object space 68608K, 64% used [0x0000000700000000,0x0000000702b636a0,0x0000000704300000)
 Metaspace       used 56256K, committed 57728K, reserved 1114112K
  class space    used 6146K, committed 6784K, reserved 1048576K
}
Event: 16.297 GC heap before
{Heap before GC invocations=37 (full 2):
 PSYoungGen      total 23552K, used 23088K [0x00000007aab00000, 0x00000007ac500000, 0x0000000800000000)
  eden space 22016K, 100% used [0x00000007aab00000,0x00000007ac080000,0x00000007ac080000)
  from space 1536K, 69% used [0x00000007ac380000,0x00000007ac48c370,0x00000007ac500000)
  to   space 2048K, 0% used [0x00000007ac100000,0x00000007ac100000,0x00000007ac300000)
 ParOldGen       total 68608K, used 44429K [0x0000000700000000, 0x0000000704300000, 0x00000007aab00000)
  object space 68608K, 64% used [0x0000000700000000,0x0000000702b636a0,0x0000000704300000)
 Metaspace       used 57862K, committed 59328K, reserved 1114112K
  class space    used 6298K, committed 6912K, reserved 1048576K
}
Event: 16.298 GC heap after
{Heap after GC invocations=37 (full 2):
 PSYoungGen      total 24064K, used 352K [0x00000007aab00000, 0x00000007ac400000, 0x0000000800000000)
  eden space 22016K, 0% used [0x00000007aab00000,0x00000007aab00000,0x00000007ac080000)
  from space 2048K, 17% used [0x00000007ac100000,0x00000007ac158000,0x00000007ac300000)
  to   space 1024K, 0% used [0x00000007ac300000,0x00000007ac300000,0x00000007ac400000)
 ParOldGen       total 68608K, used 44461K [0x0000000700000000, 0x0000000704300000, 0x00000007aab00000)
  object space 68608K, 64% used [0x0000000700000000,0x0000000702b6b6a0,0x0000000704300000)
 Metaspace       used 57862K, committed 59328K, reserved 1114112K
  class space    used 6298K, committed 6912K, reserved 1048576K
}
Event: 16.597 GC heap before
{Heap before GC invocations=38 (full 2):
 PSYoungGen      total 24064K, used 9063K [0x00000007aab00000, 0x00000007ac400000, 0x0000000800000000)
  eden space 22016K, 39% used [0x00000007aab00000,0x00000007ab381ef0,0x00000007ac080000)
  from space 2048K, 17% used [0x00000007ac100000,0x00000007ac158000,0x00000007ac300000)
  to   space 1024K, 0% used [0x00000007ac300000,0x00000007ac300000,0x00000007ac400000)
 ParOldGen       total 68608K, used 44461K [0x0000000700000000, 0x0000000704300000, 0x00000007aab00000)
  object space 68608K, 64% used [0x0000000700000000,0x0000000702b6b6a0,0x0000000704300000)
 Metaspace       used 58334K, committed 59776K, reserved 1114112K
  class space    used 6338K, committed 6976K, reserved 1048576K
}
Event: 16.598 GC heap after
{Heap after GC invocations=38 (full 2):
 PSYoungGen      total 22528K, used 416K [0x00000007aab00000, 0x00000007ac380000, 0x0000000800000000)
  eden space 22016K, 0% used [0x00000007aab00000,0x00000007aab00000,0x00000007ac080000)
  from space 512K, 81% used [0x00000007ac300000,0x00000007ac368010,0x00000007ac380000)
  to   space 512K, 0% used [0x00000007ac280000,0x00000007ac280000,0x00000007ac300000)
 ParOldGen       total 68608K, used 44629K [0x0000000700000000, 0x0000000704300000, 0x00000007aab00000)
  object space 68608K, 65% used [0x0000000700000000,0x0000000702b956a0,0x0000000704300000)
 Metaspace       used 58334K, committed 59776K, reserved 1114112K
  class space    used 6338K, committed 6976K, reserved 1048576K
}
Event: 16.598 GC heap before
{Heap before GC invocations=39 (full 3):
 PSYoungGen      total 22528K, used 416K [0x00000007aab00000, 0x00000007ac380000, 0x0000000800000000)
  eden space 22016K, 0% used [0x00000007aab00000,0x00000007aab00000,0x00000007ac080000)
  from space 512K, 81% used [0x00000007ac300000,0x00000007ac368010,0x00000007ac380000)
  to   space 512K, 0% used [0x00000007ac280000,0x00000007ac280000,0x00000007ac300000)
 ParOldGen       total 68608K, used 44629K [0x0000000700000000, 0x0000000704300000, 0x00000007aab00000)
  object space 68608K, 65% used [0x0000000700000000,0x0000000702b956a0,0x0000000704300000)
 Metaspace       used 58334K, committed 59776K, reserved 1114112K
  class space    used 6338K, committed 6976K, reserved 1048576K
}
Event: 16.699 GC heap after
{Heap after GC invocations=39 (full 3):
 PSYoungGen      total 22528K, used 0K [0x00000007aab00000, 0x00000007ac380000, 0x0000000800000000)
  eden space 22016K, 0% used [0x00000007aab00000,0x00000007aab00000,0x00000007ac080000)
  from space 512K, 0% used [0x00000007ac300000,0x00000007ac300000,0x00000007ac380000)
  to   space 512K, 0% used [0x00000007ac280000,0x00000007ac280000,0x00000007ac300000)
 ParOldGen       total 68608K, used 41200K [0x0000000700000000, 0x0000000704300000, 0x00000007aab00000)
  object space 68608K, 60% used [0x0000000700000000,0x000000070283c3f8,0x0000000704300000)
 Metaspace       used 58332K, committed 59776K, reserved 1114112K
  class space    used 6337K, committed 6976K, reserved 1048576K
}
Event: 17.193 GC heap before
{Heap before GC invocations=40 (full 3):
 PSYoungGen      total 22528K, used 22016K [0x00000007aab00000, 0x00000007ac380000, 0x0000000800000000)
  eden space 22016K, 100% used [0x00000007aab00000,0x00000007ac080000,0x00000007ac080000)
  from space 512K, 0% used [0x00000007ac300000,0x00000007ac300000,0x00000007ac380000)
  to   space 512K, 0% used [0x00000007ac280000,0x00000007ac280000,0x00000007ac300000)
 ParOldGen       total 68608K, used 41200K [0x0000000700000000, 0x0000000704300000, 0x00000007aab00000)
  object space 68608K, 60% used [0x0000000700000000,0x000000070283c3f8,0x0000000704300000)
 Metaspace       used 60202K, committed 61696K, reserved 1114112K
  class space    used 6548K, committed 7232K, reserved 1048576K
}
Event: 17.195 GC heap after
{Heap after GC invocations=40 (full 3):
 PSYoungGen      total 22528K, used 512K [0x00000007aab00000, 0x00000007ac380000, 0x0000000800000000)
  eden space 22016K, 0% used [0x00000007aab00000,0x00000007aab00000,0x00000007ac080000)
  from space 512K, 100% used [0x00000007ac280000,0x00000007ac300000,0x00000007ac300000)
  to   space 512K, 0% used [0x00000007ac300000,0x00000007ac300000,0x00000007ac380000)
 ParOldGen       total 68608K, used 41485K [0x0000000700000000, 0x0000000704300000, 0x00000007aab00000)
  object space 68608K, 60% used [0x0000000700000000,0x0000000702883718,0x0000000704300000)
 Metaspace       used 60202K, committed 61696K, reserved 1114112K
  class space    used 6548K, committed 7232K, reserved 1048576K
}
Event: 34.633 GC heap before
{Heap before GC invocations=41 (full 3):
 PSYoungGen      total 22528K, used 22528K [0x00000007aab00000, 0x00000007ac380000, 0x0000000800000000)
  eden space 22016K, 100% used [0x00000007aab00000,0x00000007ac080000,0x00000007ac080000)
  from space 512K, 100% used [0x00000007ac280000,0x00000007ac300000,0x00000007ac300000)
  to   space 512K, 0% used [0x00000007ac300000,0x00000007ac300000,0x00000007ac380000)
 ParOldGen       total 68608K, used 41485K [0x0000000700000000, 0x0000000704300000, 0x00000007aab00000)
  object space 68608K, 60% used [0x0000000700000000,0x0000000702883718,0x0000000704300000)
 Metaspace       used 61276K, committed 62784K, reserved 1114112K
  class space    used 6649K, committed 7296K, reserved 1048576K
}
Event: 34.638 GC heap after
{Heap after GC invocations=41 (full 3):
 PSYoungGen      total 21504K, used 512K [0x00000007aab00000, 0x00000007ac780000, 0x0000000800000000)
  eden space 20992K, 0% used [0x00000007aab00000,0x00000007aab00000,0x00000007abf80000)
  from space 512K, 100% used [0x00000007ac300000,0x00000007ac380000,0x00000007ac380000)
  to   space 3584K, 0% used [0x00000007abf80000,0x00000007abf80000,0x00000007ac300000)
 ParOldGen       total 68608K, used 43722K [0x0000000700000000, 0x0000000704300000, 0x00000007aab00000)
  object space 68608K, 63% used [0x0000000700000000,0x0000000702ab2828,0x0000000704300000)
 Metaspace       used 61276K, committed 62784K, reserved 1114112K
  class space    used 6649K, committed 7296K, reserved 1048576K
}
Event: 34.937 GC heap before
{Heap before GC invocations=42 (full 3):
 PSYoungGen      total 21504K, used 21497K [0x00000007aab00000, 0x00000007ac780000, 0x0000000800000000)
  eden space 20992K, 99% used [0x00000007aab00000,0x00000007abf7e490,0x00000007abf80000)
  from space 512K, 100% used [0x00000007ac300000,0x00000007ac380000,0x00000007ac380000)
  to   space 3584K, 0% used [0x00000007abf80000,0x00000007abf80000,0x00000007ac300000)
 ParOldGen       total 68608K, used 43722K [0x0000000700000000, 0x0000000704300000, 0x00000007aab00000)
  object space 68608K, 63% used [0x0000000700000000,0x0000000702ab2828,0x0000000704300000)
 Metaspace       used 61769K, committed 63296K, reserved 1114112K
  class space    used 6691K, committed 7360K, reserved 1048576K
}
Event: 34.940 GC heap after
{Heap after GC invocations=42 (full 3):
 PSYoungGen      total 22528K, used 1287K [0x00000007aab00000, 0x00000007ac380000, 0x0000000800000000)
  eden space 20992K, 0% used [0x00000007aab00000,0x00000007aab00000,0x00000007abf80000)
  from space 1536K, 83% used [0x00000007abf80000,0x00000007ac0c1f70,0x00000007ac100000)
  to   space 2048K, 0% used [0x00000007ac180000,0x00000007ac180000,0x00000007ac380000)
 ParOldGen       total 68608K, used 44250K [0x0000000700000000, 0x0000000704300000, 0x00000007aab00000)
  object space 68608K, 64% used [0x0000000700000000,0x0000000702b36990,0x0000000704300000)
 Metaspace       used 61769K, committed 63296K, reserved 1114112K
  class space    used 6691K, committed 7360K, reserved 1048576K
}
Event: 38.215 GC heap before
{Heap before GC invocations=43 (full 3):
 PSYoungGen      total 22528K, used 22279K [0x00000007aab00000, 0x00000007ac380000, 0x0000000800000000)
  eden space 20992K, 100% used [0x00000007aab00000,0x00000007abf80000,0x00000007abf80000)
  from space 1536K, 83% used [0x00000007abf80000,0x00000007ac0c1f70,0x00000007ac100000)
  to   space 2048K, 0% used [0x00000007ac180000,0x00000007ac180000,0x00000007ac380000)
 ParOldGen       total 68608K, used 44250K [0x0000000700000000, 0x0000000704300000, 0x00000007aab00000)
  object space 68608K, 64% used [0x0000000700000000,0x0000000702b36990,0x0000000704300000)
 Metaspace       used 62293K, committed 63808K, reserved 1114112K
  class space    used 6718K, committed 7360K, reserved 1048576K
}
Event: 38.217 GC heap after
{Heap after GC invocations=43 (full 3):
 PSYoungGen      total 22016K, used 832K [0x00000007aab00000, 0x00000007ac280000, 0x0000000800000000)
  eden space 20992K, 0% used [0x00000007aab00000,0x00000007aab00000,0x00000007abf80000)
  from space 1024K, 81% used [0x00000007ac180000,0x00000007ac250040,0x00000007ac280000)
  to   space 1536K, 0% used [0x00000007abf80000,0x00000007abf80000,0x00000007ac100000)
 ParOldGen       total 68608K, used 45381K [0x0000000700000000, 0x0000000704300000, 0x00000007aab00000)
  object space 68608K, 66% used [0x0000000700000000,0x0000000702c514c0,0x0000000704300000)
 Metaspace       used 62293K, committed 63808K, reserved 1114112K
  class space    used 6718K, committed 7360K, reserved 1048576K
}
Event: 38.749 GC heap before
{Heap before GC invocations=44 (full 3):
 PSYoungGen      total 22016K, used 21824K [0x00000007aab00000, 0x00000007ac280000, 0x0000000800000000)
  eden space 20992K, 100% used [0x00000007aab00000,0x00000007abf80000,0x00000007abf80000)
  from space 1024K, 81% used [0x00000007ac180000,0x00000007ac250040,0x00000007ac280000)
  to   space 1536K, 0% used [0x00000007abf80000,0x00000007abf80000,0x00000007ac100000)
 ParOldGen       total 68608K, used 45381K [0x0000000700000000, 0x0000000704300000, 0x00000007aab00000)
  object space 68608K, 66% used [0x0000000700000000,0x0000000702c514c0,0x0000000704300000)
 Metaspace       used 62491K, committed 64000K, reserved 1114112K
  class space    used 6720K, committed 7360K, reserved 1048576K
}
Event: 38.752 GC heap after
{Heap after GC invocations=44 (full 3):
 PSYoungGen      total 22528K, used 800K [0x00000007aab00000, 0x00000007ac200000, 0x0000000800000000)
  eden space 20992K, 0% used [0x00000007aab00000,0x00000007aab00000,0x00000007abf80000)
  from space 1536K, 52% used [0x00000007abf80000,0x00000007ac048000,0x00000007ac100000)
  to   space 1024K, 0% used [0x00000007ac100000,0x00000007ac100000,0x00000007ac200000)
 ParOldGen       total 68608K, used 46069K [0x0000000700000000, 0x0000000704300000, 0x00000007aab00000)
  object space 68608K, 67% used [0x0000000700000000,0x0000000702cfd510,0x0000000704300000)
 Metaspace       used 62491K, committed 64000K, reserved 1114112K
  class space    used 6720K, committed 7360K, reserved 1048576K
}

