# JRE version: OpenJDK Runtime Environment JBR-17.0.12+1-1207.37-nomod (17.0.12+1) (build 17.0.12+1-b1207.37)
# Java VM: OpenJDK 64-Bit Server VM JBR-17.0.12+1-1207.37-nomod (17.0.12+1-b1207.37, mixed mode, sharing, tiered, compressed oops, compressed class ptrs, g1 gc, windows-amd64)
GC Precious Log:
 CPUs: 8 total, 8 available
 Memory: 12071M
 Large Page Support: Disabled
 NUMA Support: Disabled
 Compressed Oops: Enabled (Zero based)
 Heap Region Size: 2M
 Heap Min Capacity: 8M
 Heap Initial Capacity: 190M
 Heap Max Capacity: 3018M
 Pre-touch: Disabled
 Parallel Workers: 8
 Concurrent Workers: 2
 Concurrent Refinement Workers: 8
 Periodic GC: Disabled
Heap:
 garbage-first heap   total 194560K, used 14270K [0x0000000743600000, 0x0000000800000000)
  region size 2048K, 7 young (14336K), 5 survivors (10240K)
 Metaspace       used 19740K, committed 20096K, reserved 1114112K
  class space    used 2422K, committed 2560K, reserved 1048576K
GC Heap History (6 events):
Event: 3.625 GC heap before
{Heap before GC invocations=0 (full 0):
 garbage-first heap   total 194560K, used 22528K [0x0000000743600000, 0x0000000800000000)
  region size 2048K, 11 young (22528K), 0 survivors (0K)
 Metaspace       used 5625K, committed 5824K, reserved 1114112K
  class space    used 701K, committed 768K, reserved 1048576K
}
Event: 3.629 GC heap after
{Heap after GC invocations=1 (full 0):
 garbage-first heap   total 194560K, used 3751K [0x0000000743600000, 0x0000000800000000)
  region size 2048K, 2 young (4096K), 2 survivors (4096K)
 Metaspace       used 5625K, committed 5824K, reserved 1114112K
  class space    used 701K, committed 768K, reserved 1048576K
}
Event: 3.918 GC heap before
{Heap before GC invocations=1 (full 0):
 garbage-first heap   total 194560K, used 34471K [0x0000000743600000, 0x0000000800000000)
  region size 2048K, 17 young (34816K), 2 survivors (4096K)
 Metaspace       used 9329K, committed 9408K, reserved 1114112K
  class space    used 1172K, committed 1216K, reserved 1048576K
}
Event: 3.923 GC heap after
{Heap after GC invocations=2 (full 0):
 garbage-first heap   total 194560K, used 4893K [0x0000000743600000, 0x0000000800000000)
  region size 2048K, 1 young (2048K), 1 survivors (2048K)
 Metaspace       used 9329K, committed 9408K, reserved 1114112K
  class space    used 1172K, committed 1216K, reserved 1048576K
}
Event: 10.581 GC heap before
{Heap before GC invocations=2 (full 0):
 garbage-first heap   total 194560K, used 119581K [0x0000000743600000, 0x0000000800000000)
  region size 2048K, 57 young (116736K), 1 survivors (2048K)
 Metaspace       used 19477K, committed 19712K, reserved 1114112K
  class space    used 2385K, committed 2496K, reserved 1048576K
}
Event: 10.589 GC heap after
{Heap after GC invocations=3 (full 0):
 garbage-first heap   total 194560K, used 12222K [0x0000000743600000, 0x0000000800000000)
  region size 2048K, 5 young (10240K), 5 survivors (10240K)
 Metaspace       used 19477K, committed 19712K, reserved 1114112K
  class space    used 2385K, committed 2496K, reserved 1048576K
}

